#
# A fatal error has been detected by the Java Runtime Environment:
#
#  EXCEPTION_ACCESS_VIOLATION (0xc0000005) at pc=0x00000161d374dd7b, pid=1068, tid=6696
#
# JRE version: OpenJDK Runtime Environment (15.0.2+7) (build 15.0.2+7-27)
# Java VM: OpenJDK 64-Bit Server VM (15.0.2+7-27, mixed mode, tiered, compressed oops, g1 gc, windows-amd64)
# Problematic frame:
# 
[error occurred during error reporting (printing problematic frame), id 0xc0000005, EXCEPTION_ACCESS_VIOLATION (0xc0000005) at pc=0x00007fff125068c8]

# No core dump will be written. Minidumps are not enabled by default on client versions of Windows
#
# If you would like to submit a bug report, please visit:
#   https://bugreport.java.com/bugreport/crash.jsp
#

---------------  S U M M A R Y ------------

Command Line: -Dcom.sun.management.jmxremote -Dcom.sun.management.jmxremote.port=50817 -Dcom.sun.management.jmxremote.authenticate=false -Dcom.sun.management.jmxremote.ssl=false -Djava.rmi.server.hostname=localhost -Dspring.jmx.enabled=true -Dspring.liveBeansView.mbeanDomain -Dspring.application.admin.enabled=true -XX:TieredStopAtLevel=1 -Dspring.boot.project.name=SpringBootScheduling02-CRON Expresssions -Dfile.encoding=UTF-8 -XX:+ShowCodeDetailsInExceptionMessages com.nt.SpringBootScheduling01Application

Host: Intel(R) Core(TM) i5-2400 CPU @ 3.10GHz, 4 cores, 7G,  Windows 10 , 64 bit Build 19041 (10.0.19041.1348)
Time: Mon Nov 22 10:26:21 2021 India Standard Time elapsed time: 1.410098 seconds (0d 0h 0m 1s)

---------------  T H R E A D  ---------------

Current thread (0x00000161cfd24be0):  JavaThread "main" [_thread_in_Java, id=6696, stack(0x0000000afab00000,0x0000000afac00000)]

Stack: [0x0000000afab00000,0x0000000afac00000],  sp=0x0000000afabfe5e8,  free space=1017k
Native frames: (J=compiled Java code, j=interpreted, Vv=VM code, C=native code)
C  0x00000161d374dd7b


siginfo: EXCEPTION_ACCESS_VIOLATION (0xc0000005), reading address 0xffffffffffffffff


Register to memory mapping:

RIP=0x00000161d374dd7b is at code_begin+123 in an Interpreter codelet
method entry point (kind = zerolocals)  [0x00000161d374dd00, 0x00000161d374e200]  1280 bytes
RAX=0x00000161d374a143 is at code_begin+2307 in an Interpreter codelet
invoke return entry points  [0x00000161d3749840, 0x00000161d374a220]  2528 bytes
RBX={method} {0x00000161e9f8ff48} '
[error occurred during error reporting (printing register info), id 0xc0000005, EXCEPTION_ACCESS_VIOLATION (0xc0000005) at pc=0x00007fff125074d6]

Registers:
RAX=0x00000161d374a143, RBX=0x00000161e9f8ff40, RCX=0x0000000000000001, RDX=0x006369746568746e
RSP=0x0000000afabfe5e8, RBP=0x0000000afabfe600, RSI=0x0000000000000571, RDI=0x0000000000000000
R8 =0x0000000afabfe648, R9 =0x00000000000000dc, R10=0x00007fff128bf120, R11=0x00000161e9887900
R12=0x0000000000000000, R13=0x00000161e9f8fe30, R14=0x0000000afabfe630, R15=0x00000161cfd24be0
RIP=0x00000161d374dd7b, EFLAGS=0x0000000000010246

Top of Stack: (sp=0x0000000afabfe5e8)
0x0000000afabfe5e8:   00000161e9f8ff40 0000000000000000
0x0000000afabfe5f8:   0000000afabfe630 0000000afabfe690
0x0000000afabfe608:   00000161d374a143 0000000000000000
0x0000000afabfe618:   0000000000000000 0000000000000000
0x0000000afabfe628:   0000000000000000 0000000088b43eb0
0x0000000afabfe638:   0000000000000001 0000000088b43ef8
0x0000000afabfe648:   0000000afabfe638 00000161e9f9776f
0x0000000afabfe658:   0000000afabfe6b0 00000161e9f97ce0
0x0000000afabfe668:   0000000000000000 0000000081b4c7c8
0x0000000afabfe678:   00000161e9f977b8 0000000afabfe630
0x0000000afabfe688:   0000000afabfe6b0 0000000afabfe700
0x0000000afabfe698:   00000161d374a188 0000000000000000
0x0000000afabfe6a8:   0000000088b43ef8 0000000088b43eb0
0x0000000afabfe6b8:   0000000afabfe6b8 00000161eb2e55c4
0x0000000afabfe6c8:   0000000afabfe710 00000161eb2e5640
0x0000000afabfe6d8:   0000000000000000 0000000081ae8000 

Instructions: (pc=0x00000161d374dd7b)
0x00000161d374dc7b:   ff d2 48 83 c4 20 49 ba 00 00 00 00 00 00 00 00
0x00000161d374dc8b:   4d 89 97 08 03 00 00 49 ba 00 00 00 00 00 00 00
0x00000161d374dc9b:   00 4d 89 97 18 03 00 00 49 ba 00 00 00 00 00 00
0x00000161d374dcab:   00 00 4d 89 97 10 03 00 00 c5 f8 77 49 81 7f 08
0x00000161d374dcbb:   00 00 00 00 0f 84 05 00 00 00 e9 b6 31 ff ff 4c
0x00000161d374dccb:   8b 6d c0 4c 8b 75 c8 c3 0f 1f 44 00 00 00 00 00
0x00000161d374dcdb:   00 00 00 00 00 20 05 00 00 00 00 00 00 10 2e 6f
0x00000161d374dceb:   12 ff 7f 00 00 ff ff ff ff 00 00 00 00 00 00 00
0x00000161d374dcfb:   00 00 00 00 00 48 8b 53 08 0f b7 4a 34 0f b7 52
0x00000161d374dd0b:   32 2b d1 81 fa f5 01 00 00 0f 86 25 00 00 00 48
0x00000161d374dd1b:   8b c2 48 c1 e0 03 48 83 c0 58 49 03 87 f0 03 00
0x00000161d374dd2b:   00 48 3b e0 0f 87 0a 00 00 00 58 49 8b e5 50 e9
0x00000161d374dd3b:   41 2e ff ff 58 4c 8d 74 cc f8 85 d2 0f 8e 09 00
0x00000161d374dd4b:   00 00 68 00 00 00 00 ff ca 7f f7 50 55 48 8b ec
0x00000161d374dd5b:   41 55 68 00 00 00 00 4c 8b 6b 08 4d 8d 6d 38 53
0x00000161d374dd6b:   48 8b 53 08 48 8b 52 08 48 8b 52 18 48 8b 52 70
0x00000161d374dd7b:   48 8b 12 52 48 8b 53 10 48 85 d2 0f 84 07 00 00
0x00000161d374dd8b:   00 48 81 c2 40 01 00 00 52 48 8b 53 08 48 8b 52
0x00000161d374dd9b:   08 48 8b 52 10 52 41 56 41 55 68 00 00 00 00 48
0x00000161d374ddab:   89 24 24 41 c6 87 bd 03 00 00 01 48 8b 45 d8 48
0x00000161d374ddbb:   85 c0 0f 84 8a 00 00 00 8b 48 fc 85 c9 0f 88 7f
0x00000161d374ddcb:   00 00 00 48 03 c1 48 8b 48 08 48 83 e9 02 48 8b
0x00000161d374dddb:   54 c8 10 48 f7 da 49 8b 14 d6 48 85 d2 75 0b 48
0x00000161d374ddeb:   81 4c c8 18 01 00 00 00 eb 52 8b 52 08 48 c1 e2
0x00000161d374ddfb:   03 48 33 54 c8 18 48 f7 c2 fc ff ff ff 74 3d 48
0x00000161d374de0b:   f7 c2 02 00 00 00 75 34 48 81 7c c8 18 00 00 00
0x00000161d374de1b:   00 74 24 48 81 7c c8 18 01 00 00 00 74 19 48 33
0x00000161d374de2b:   54 c8 18 48 f7 c2 fc ff ff ff 74 10 48 81 4c c8
0x00000161d374de3b:   18 02 00 00 00 eb 05 48 89 54 c8 18 48 83 e9 02
0x00000161d374de4b:   79 8c 48 8b 43 10 48 85 c0 74 20 8b 88 04 01 00
0x00000161d374de5b:   00 83 c1 02 89 88 04 01 00 00 23 88 18 01 00 00
0x00000161d374de6b:   0f 84 af 02 00 00 e9 e3 00 00 00 48 8b 43 18 48 


Stack slot to memory mapping:
stack at sp + 0 slots: {method} {0x00000161e9f8ff48} '
[error occurred during error reporting (inspecting top of stack), id 0xc0000005, EXCEPTION_ACCESS_VIOLATION (0xc0000005) at pc=0x00007fff125074d6]

method entry point (kind = zerolocals)  [0x00000161d374dd00, 0x00000161d374e200]  1280 bytes
[MachCode]
  0x00000161d374dd00: 488b 5308 | 0fb7 4a34 | 0fb7 5232 | 2bd1 81fa | f501 0000 | 0f86 2500 | 0000 488b | c248 c1e0 
  0x00000161d374dd20: 0348 83c0 | 5849 0387 | f003 0000 | 483b e00f | 870a 0000 | 0058 498b | e550 e941 | 2eff ff58 
  0x00000161d374dd40: 4c8d 74cc | f885 d20f | 8e09 0000 | 0068 0000 | 0000 ffca | 7ff7 5055 | 488b ec41 | 5568 0000 
  0x00000161d374dd60: 0000 4c8b | 6b08 4d8d | 6d38 5348 | 8b53 0848 | 8b52 0848 | 8b52 1848 | 8b52 7048 | 8b12 5248 
  0x00000161d374dd80: 8b53 1048 | 85d2 0f84 | 0700 0000 | 4881 c240 | 0100 0052 | 488b 5308 | 488b 5208 | 488b 5210 
  0x00000161d374dda0: 5241 5641 | 5568 0000 | 0000 4889 | 2424 41c6 | 87bd 0300 | 0001 488b | 45d8 4885 | c00f 848a 
  0x00000161d374ddc0: 0000 008b | 48fc 85c9 | 0f88 7f00 | 0000 4803 | c148 8b48 | 0848 83e9 | 0248 8b54 | c810 48f7 
  0x00000161d374dde0: da49 8b14 | d648 85d2 | 750b 4881 | 4cc8 1801 | 0000 00eb | 528b 5208 | 48c1 e203 | 4833 54c8 
  0x00000161d374de00: 1848 f7c2 | fcff ffff | 743d 48f7 | c202 0000 | 0075 3448 | 817c c818 | 0000 0000 | 7424 4881 
  0x00000161d374de20: 7cc8 1801 | 0000 0074 | 1948 3354 | c818 48f7 | c2fc ffff | ff74 1048 | 814c c818 | 0200 0000 
  0x00000161d374de40: eb05 4889 | 54c8 1848 | 83e9 0279 | 8c48 8b43 | 1048 85c0 | 7420 8b88 | 0401 0000 | 83c1 0289 
  0x00000161d374de60: 8804 0100 | 0023 8818 | 0100 000f | 84af 0200 | 00e9 e300 | 0000 488b | 4318 4885 | c00f 85c4 
  0x00000161d374de80: 0000 00e8 | 0500 0000 | e9ad 0000 | 0048 8bd3 | 488d 4424 | 084c 896d | c049 8bcf | c5f8 7749 
  0x00000161d374dea0: 89af 1803 | 0000 4989 | 8708 0300 | 0048 83ec | 20f7 c40f | 0000 000f | 841a 0000 | 0048 83ec 
  0x00000161d374dec0: 0849 bab0 | 9815 12ff | 7f00 0041 | ffd2 4883 | c408 e90d | 0000 0049 | bab0 9815 | 12ff 7f00 
  0x00000161d374dee0: 0041 ffd2 | 4883 c420 | 49ba 0000 | 0000 0000 | 0000 4d89 | 9708 0300 | 0049 ba00 | 0000 0000 
  0x00000161d374df00: 0000 004d | 8997 1803 | 0000 49ba | 0000 0000 | 0000 0000 | 4d89 9710 | 0300 00c5 | f877 4981 
  0x00000161d374df20: 7f08 0000 | 0000 0f84 | 0500 0000 | e94f 2fff | ff4c 8b6d | c04c 8b75 | c8c3 488b | 4318 4885 
  0x00000161d374df40: c00f 8412 | 0000 008b | 4818 83c1 | 0289 4818 | 2348 300f | 84c7 0100 | 0089 8424 | 00f0 ffff 
  0x00000161d374df60: 8984 2400 | e0ff ff89 | 8424 00d0 | ffff 8984 | 2400 c0ff | ff89 8424 | 00b0 ffff | 8984 2400 
  0x00000161d374df80: a0ff ff89 | 8424 0090 | ffff 41c6 | 87bd 0300 | 0000 49ba | 6831 8912 | ff7f 0000 | 4180 3a00 
  0x00000161d374dfa0: 0f84 4200 | 0000 488b | 55e8 498b | cf48 83ec | 20f7 c40f | 0000 000f | 841a 0000 | 0048 83ec 
  0x00000161d374dfc0: 0849 ba50 | 0c4a 12ff | 7f00 0041 | ffd2 4883 | c408 e90d | 0000 0049 | ba50 0c4a | 12ff 7f00 
  0x00000161d374dfe0: 0041 ffd2 | 4883 c420 | 410f b65d | 0049 ba10 | 3a8c 12ff | 7f00 0041 | ff24 dae8 | 0500 0000 
  0x00000161d374e000: e9aa 0000 | 0048 8d44 | 2408 4c89 | 6dc0 498b | cfc5 f877 | 4989 af18 | 0300 0049 | 8987 0803 
  0x00000161d374e020: 0000 4883 | ec20 f7c4 | 0f00 0000 | 0f84 1a00 | 0000 4883 | ec08 49ba | e0c6 1512 | ff7f 0000 
  0x00000161d374e040: 41ff d248 | 83c4 08e9 | 0d00 0000 | 49ba e0c6 | 1512 ff7f | 0000 41ff | d248 83c4 | 2049 ba00 
  0x00000161d374e060: 0000 0000 | 0000 004d | 8997 0803 | 0000 49ba | 0000 0000 | 0000 0000 | 4d89 9718 | 0300 0049 
  0x00000161d374e080: ba00 0000 | 0000 0000 | 004d 8997 | 1003 0000 | c5f8 7749 | 817f 0800 | 0000 000f | 8405 0000 
  0x00000161d374e0a0: 00e9 da2d | ffff 4c8b | 6dc0 4c8b | 75c8 c350 | 5348 8b5d | e848 8b43 | 1048 85c0 | 0f84 4f00 
  0x00000161d374e0c0: 0000 498b | d548 8bcb | 4883 ec20 | f7c4 0f00 | 0000 0f84 | 1a00 0000 | 4883 ec08 | 49ba 7098 
  0x00000161d374e0e0: 1512 ff7f | 0000 41ff | d248 83c4 | 08e9 0d00 | 0000 49ba | 7098 1512 | ff7f 0000 | 41ff d248 
  0x00000161d374e100: 83c4 2048 | 8b5b 1048 | 81c3 4001 | 0000 4803 | c348 8945 | d85b 5848 | 8b5d e8e9 | 39fe ffff 
  0x00000161d374e120: ba00 0000 | 00e8 0500 | 0000 e9aa | 0000 0048 | 8d44 2408 | 4c89 6dc0 | 498b cfc5 | f877 4989 
  0x00000161d374e140: af18 0300 | 0049 8987 | 0803 0000 | 4883 ec20 | f7c4 0f00 | 0000 0f84 | 1a00 0000 | 4883 ec08 
  0x00000161d374e160: 49ba 30a4 | 1512 ff7f | 0000 41ff | d248 83c4 | 08e9 0d00 | 0000 49ba | 30a4 1512 | ff7f 0000 
  0x00000161d374e180: 41ff d248 | 83c4 2049 | ba00 0000 | 0000 0000 | 004d 8997 | 0803 0000 | 49ba 0000 | 0000 0000 
  0x00000161d374e1a0: 0000 4d89 | 9718 0300 | 0049 ba00 | 0000 0000 | 0000 004d | 8997 1003 | 0000 c5f8 | 7749 817f 
  0x00000161d374e1c0: 0800 0000 | 000f 8405 | 0000 00e9 | b02c ffff | 4c8b 6dc0 | 4c8b 75c8 | c348 8b5d | e8e9 77fd 
  0x00000161d374e1e0: ffff 660f | 1f44 0000 | 0000 0000 | 0000 0000 | 0000 0000 | 0000 0000 | 0000 0000 | 0000 0000 
[/MachCode]

---------------  P R O C E S S  ---------------

Threads class SMR info:
_java_thread_list=0x00000161eaacd650, length=13, elements={
0x00000161cfd24be0, 0x00000161e979dea0, 0x00000161e97a29a0, 0x00000161e9fe8000,
0x00000161e9fe99d0, 0x00000161e9fea390, 0x00000161e9fead50, 0x00000161ea00a2f0,
0x00000161cfdf99f0, 0x00000161ea1b0bc0, 0x00000161ea35e6d0, 0x00000161ea5fa020,
0x00000161ea60e010
}

Java Threads: ( => current thread )
=>0x00000161cfd24be0 JavaThread "main" [_thread_in_Java, id=6696, stack(0x0000000afab00000,0x0000000afac00000)]
  0x00000161e979dea0 JavaThread "Reference Handler" daemon [_thread_blocked, id=3824, stack(0x0000000afb200000,0x0000000afb300000)]
  0x00000161e97a29a0 JavaThread "Finalizer" daemon [_thread_blocked, id=8404, stack(0x0000000afb300000,0x0000000afb400000)]
  0x00000161e9fe8000 JavaThread "Signal Dispatcher" daemon [_thread_blocked, id=6204, stack(0x0000000afb400000,0x0000000afb500000)]
  0x00000161e9fe99d0 JavaThread "Attach Listener" daemon [_thread_blocked, id=12192, stack(0x0000000afb500000,0x0000000afb600000)]
  0x00000161e9fea390 JavaThread "Service Thread" daemon [_thread_blocked, id=9124, stack(0x0000000afb600000,0x0000000afb700000)]
  0x00000161e9fead50 JavaThread "C1 CompilerThread0" daemon [_thread_blocked, id=12016, stack(0x0000000afb700000,0x0000000afb800000)]
  0x00000161ea00a2f0 JavaThread "Sweeper thread" daemon [_thread_blocked, id=7284, stack(0x0000000afb800000,0x0000000afb900000)]
  0x00000161cfdf99f0 JavaThread "Common-Cleaner" daemon [_thread_blocked, id=10856, stack(0x0000000afb900000,0x0000000afba00000)]
  0x00000161ea1b0bc0 JavaThread "Notification Thread" daemon [_thread_blocked, id=11920, stack(0x0000000afba00000,0x0000000afbb00000)]
  0x00000161ea35e6d0 JavaThread "RMI TCP Accept-0" daemon [_thread_in_native, id=7616, stack(0x0000000afbc00000,0x0000000afbd00000)]
  0x00000161ea5fa020 JavaThread "RMI TCP Accept-50817" daemon [_thread_in_native, id=9820, stack(0x0000000afbd00000,0x0000000afbe00000)]
  0x00000161ea60e010 JavaThread "RMI TCP Accept-0" daemon [_thread_in_native, id=8996, stack(0x0000000afbe00000,0x0000000afbf00000)]

Other Threads:
  0x00000161e9778760 VMThread "VM Thread" [stack: 0x0000000afb100000,0x0000000afb200000] [id=10140]
  0x00000161cfd25eb0 WatcherThread [stack: 0x0000000afbf00000,0x0000000afc000000] [id=5136]
  0x00000161cfd65a40 GCTaskThread "GC Thread#0" [stack: 0x0000000afac00000,0x0000000afad00000] [id=3844]
  0x00000161ea9e98b0 GCTaskThread "GC Thread#1" [stack: 0x0000000afc000000,0x0000000afc100000] [id=10724]
  0x00000161ea9eb890 GCTaskThread "GC Thread#2" [stack: 0x0000000afc100000,0x0000000afc200000] [id=10020]
  0x00000161cfd76dc0 ConcurrentGCThread "G1 Main Marker" [stack: 0x0000000afad00000,0x0000000afae00000] [id=10512]
  0x00000161cfd77680 ConcurrentGCThread "G1 Conc#0" [stack: 0x0000000afae00000,0x0000000afaf00000] [id=8364]
  0x00000161cfdee7d0 ConcurrentGCThread "G1 Refine#0" [stack: 0x0000000afaf00000,0x0000000afb000000] [id=8972]
  0x00000161ea9cbd40 ConcurrentGCThread "G1 Refine#1" [stack: 0x0000000afc200000,0x0000000afc300000] [id=8740]
  0x00000161ea73e790 ConcurrentGCThread "G1 Refine#2" [stack: 0x0000000afc300000,0x0000000afc400000] [id=1020]
  0x00000161ea73eaf0 ConcurrentGCThread "G1 Refine#3" [stack: 0x0000000afc400000,0x0000000afc500000] [id=1820]
  0x00000161cfdef0a0 ConcurrentGCThread "G1 Young RemSet Sampling" [stack: 0x0000000afb000000,0x0000000afb100000] [id=8592]

Threads with active compile tasks:

VM state: not at safepoint (normal execution)

VM Mutex/Monitor currently owned by a thread: None

Heap address: 0x0000000081a00000, size: 2022 MB, Compressed Oops mode: 32-bit
CDS disabled.
Compressed class space mapped at: 0x0000000100000000-0x0000000140000000, size: 1073741824
Narrow klass base: 0x0000000000000000, Narrow klass shift: 3, Narrow klass range: 0x140000000

GC Precious Log:
 CPUs: 4 total, 4 available
 Memory: 8080M
 Large Page Support: Disabled
 NUMA Support: Disabled
 Compressed Oops: Enabled (32-bit)
 Heap Region Size: 1M
 Heap Min Capacity: 8M
 Heap Initial Capacity: 128M
 Heap Max Capacity: 2022M
 Pre-touch: Disabled
 Parallel Workers: 4
 Concurrent Workers: 1
 Concurrent Refinement Workers: 4
 Periodic GC: Disabled

Heap:
 garbage-first heap   total 131072K, used 18263K [0x0000000081a00000, 0x0000000100000000)
  region size 1024K, 15 young (15360K), 1 survivors (1024K)
 Metaspace       used 20818K, capacity 21006K, committed 21248K, reserved 1069056K
  class space    used 2358K, capacity 2439K, committed 2560K, reserved 1048576K

Heap Regions: E=young(eden), S=young(survivor), O=old, HS=humongous(starts), HC=humongous(continues), CS=collection set, F=free, OA=open archive, CA=closed archive, TAMS=top-at-mark-start (previous, next)
|   0|0x0000000081a00000, 0x0000000081b00000, 0x0000000081b00000|100%| O|  |TAMS 0x0000000081a00000, 0x0000000081a00000| Untracked 
|   1|0x0000000081b00000, 0x0000000081c00000, 0x0000000081c00000|100%| O|  |TAMS 0x0000000081b00000, 0x0000000081b00000| Untracked 
|   2|0x0000000081c00000, 0x0000000081d00000, 0x0000000081d00000|100%| O|  |TAMS 0x0000000081c00000, 0x0000000081c00000| Untracked 
|   3|0x0000000081d00000, 0x0000000081dd5e00, 0x0000000081e00000| 83%| O|  |TAMS 0x0000000081d00000, 0x0000000081d00000| Untracked 
|   4|0x0000000081e00000, 0x0000000081e00000, 0x0000000081f00000|  0%| F|  |TAMS 0x0000000081e00000, 0x0000000081e00000| Untracked 
|   5|0x0000000081f00000, 0x0000000081f00000, 0x0000000082000000|  0%| F|  |TAMS 0x0000000081f00000, 0x0000000081f00000| Untracked 
|   6|0x0000000082000000, 0x0000000082000000, 0x0000000082100000|  0%| F|  |TAMS 0x0000000082000000, 0x0000000082000000| Untracked 
|   7|0x0000000082100000, 0x0000000082100000, 0x0000000082200000|  0%| F|  |TAMS 0x0000000082100000, 0x0000000082100000| Untracked 
|   8|0x0000000082200000, 0x0000000082200000, 0x0000000082300000|  0%| F|  |TAMS 0x0000000082200000, 0x0000000082200000| Untracked 
|   9|0x0000000082300000, 0x0000000082300000, 0x0000000082400000|  0%| F|  |TAMS 0x0000000082300000, 0x0000000082300000| Untracked 
|  10|0x0000000082400000, 0x0000000082400000, 0x0000000082500000|  0%| F|  |TAMS 0x0000000082400000, 0x0000000082400000| Untracked 
|  11|0x0000000082500000, 0x0000000082500000, 0x0000000082600000|  0%| F|  |TAMS 0x0000000082500000, 0x0000000082500000| Untracked 
|  12|0x0000000082600000, 0x0000000082600000, 0x0000000082700000|  0%| F|  |TAMS 0x0000000082600000, 0x0000000082600000| Untracked 
|  13|0x0000000082700000, 0x0000000082700000, 0x0000000082800000|  0%| F|  |TAMS 0x0000000082700000, 0x0000000082700000| Untracked 
|  14|0x0000000082800000, 0x0000000082800000, 0x0000000082900000|  0%| F|  |TAMS 0x0000000082800000, 0x0000000082800000| Untracked 
|  15|0x0000000082900000, 0x0000000082900000, 0x0000000082a00000|  0%| F|  |TAMS 0x0000000082900000, 0x0000000082900000| Untracked 
|  16|0x0000000082a00000, 0x0000000082a00000, 0x0000000082b00000|  0%| F|  |TAMS 0x0000000082a00000, 0x0000000082a00000| Untracked 
|  17|0x0000000082b00000, 0x0000000082b00000, 0x0000000082c00000|  0%| F|  |TAMS 0x0000000082b00000, 0x0000000082b00000| Untracked 
|  18|0x0000000082c00000, 0x0000000082c00000, 0x0000000082d00000|  0%| F|  |TAMS 0x0000000082c00000, 0x0000000082c00000| Untracked 
|  19|0x0000000082d00000, 0x0000000082d00000, 0x0000000082e00000|  0%| F|  |TAMS 0x0000000082d00000, 0x0000000082d00000| Untracked 
|  20|0x0000000082e00000, 0x0000000082e00000, 0x0000000082f00000|  0%| F|  |TAMS 0x0000000082e00000, 0x0000000082e00000| Untracked 
|  21|0x0000000082f00000, 0x0000000082f00000, 0x0000000083000000|  0%| F|  |TAMS 0x0000000082f00000, 0x0000000082f00000| Untracked 
|  22|0x0000000083000000, 0x0000000083000000, 0x0000000083100000|  0%| F|  |TAMS 0x0000000083000000, 0x0000000083000000| Untracked 
|  23|0x0000000083100000, 0x0000000083100000, 0x0000000083200000|  0%| F|  |TAMS 0x0000000083100000, 0x0000000083100000| Untracked 
|  24|0x0000000083200000, 0x0000000083200000, 0x0000000083300000|  0%| F|  |TAMS 0x0000000083200000, 0x0000000083200000| Untracked 
|  25|0x0000000083300000, 0x0000000083300000, 0x0000000083400000|  0%| F|  |TAMS 0x0000000083300000, 0x0000000083300000| Untracked 
|  26|0x0000000083400000, 0x0000000083400000, 0x0000000083500000|  0%| F|  |TAMS 0x0000000083400000, 0x0000000083400000| Untracked 
|  27|0x0000000083500000, 0x0000000083500000, 0x0000000083600000|  0%| F|  |TAMS 0x0000000083500000, 0x0000000083500000| Untracked 
|  28|0x0000000083600000, 0x0000000083600000, 0x0000000083700000|  0%| F|  |TAMS 0x0000000083600000, 0x0000000083600000| Untracked 
|  29|0x0000000083700000, 0x0000000083700000, 0x0000000083800000|  0%| F|  |TAMS 0x0000000083700000, 0x0000000083700000| Untracked 
|  30|0x0000000083800000, 0x0000000083800000, 0x0000000083900000|  0%| F|  |TAMS 0x0000000083800000, 0x0000000083800000| Untracked 
|  31|0x0000000083900000, 0x0000000083900000, 0x0000000083a00000|  0%| F|  |TAMS 0x0000000083900000, 0x0000000083900000| Untracked 
|  32|0x0000000083a00000, 0x0000000083a00000, 0x0000000083b00000|  0%| F|  |TAMS 0x0000000083a00000, 0x0000000083a00000| Untracked 
|  33|0x0000000083b00000, 0x0000000083b00000, 0x0000000083c00000|  0%| F|  |TAMS 0x0000000083b00000, 0x0000000083b00000| Untracked 
|  34|0x0000000083c00000, 0x0000000083c00000, 0x0000000083d00000|  0%| F|  |TAMS 0x0000000083c00000, 0x0000000083c00000| Untracked 
|  35|0x0000000083d00000, 0x0000000083d00000, 0x0000000083e00000|  0%| F|  |TAMS 0x0000000083d00000, 0x0000000083d00000| Untracked 
|  36|0x0000000083e00000, 0x0000000083e00000, 0x0000000083f00000|  0%| F|  |TAMS 0x0000000083e00000, 0x0000000083e00000| Untracked 
|  37|0x0000000083f00000, 0x0000000083f00000, 0x0000000084000000|  0%| F|  |TAMS 0x0000000083f00000, 0x0000000083f00000| Untracked 
|  38|0x0000000084000000, 0x0000000084000000, 0x0000000084100000|  0%| F|  |TAMS 0x0000000084000000, 0x0000000084000000| Untracked 
|  39|0x0000000084100000, 0x0000000084100000, 0x0000000084200000|  0%| F|  |TAMS 0x0000000084100000, 0x0000000084100000| Untracked 
|  40|0x0000000084200000, 0x0000000084200000, 0x0000000084300000|  0%| F|  |TAMS 0x0000000084200000, 0x0000000084200000| Untracked 
|  41|0x0000000084300000, 0x0000000084300000, 0x0000000084400000|  0%| F|  |TAMS 0x0000000084300000, 0x0000000084300000| Untracked 
|  42|0x0000000084400000, 0x0000000084400000, 0x0000000084500000|  0%| F|  |TAMS 0x0000000084400000, 0x0000000084400000| Untracked 
|  43|0x0000000084500000, 0x0000000084500000, 0x0000000084600000|  0%| F|  |TAMS 0x0000000084500000, 0x0000000084500000| Untracked 
|  44|0x0000000084600000, 0x0000000084600000, 0x0000000084700000|  0%| F|  |TAMS 0x0000000084600000, 0x0000000084600000| Untracked 
|  45|0x0000000084700000, 0x0000000084700000, 0x0000000084800000|  0%| F|  |TAMS 0x0000000084700000, 0x0000000084700000| Untracked 
|  46|0x0000000084800000, 0x0000000084800000, 0x0000000084900000|  0%| F|  |TAMS 0x0000000084800000, 0x0000000084800000| Untracked 
|  47|0x0000000084900000, 0x0000000084900000, 0x0000000084a00000|  0%| F|  |TAMS 0x0000000084900000, 0x0000000084900000| Untracked 
|  48|0x0000000084a00000, 0x0000000084a00000, 0x0000000084b00000|  0%| F|  |TAMS 0x0000000084a00000, 0x0000000084a00000| Untracked 
|  49|0x0000000084b00000, 0x0000000084b00000, 0x0000000084c00000|  0%| F|  |TAMS 0x0000000084b00000, 0x0000000084b00000| Untracked 
|  50|0x0000000084c00000, 0x0000000084c00000, 0x0000000084d00000|  0%| F|  |TAMS 0x0000000084c00000, 0x0000000084c00000| Untracked 
|  51|0x0000000084d00000, 0x0000000084d00000, 0x0000000084e00000|  0%| F|  |TAMS 0x0000000084d00000, 0x0000000084d00000| Untracked 
|  52|0x0000000084e00000, 0x0000000084e00000, 0x0000000084f00000|  0%| F|  |TAMS 0x0000000084e00000, 0x0000000084e00000| Untracked 
|  53|0x0000000084f00000, 0x0000000084f00000, 0x0000000085000000|  0%| F|  |TAMS 0x0000000084f00000, 0x0000000084f00000| Untracked 
|  54|0x0000000085000000, 0x0000000085000000, 0x0000000085100000|  0%| F|  |TAMS 0x0000000085000000, 0x0000000085000000| Untracked 
|  55|0x0000000085100000, 0x0000000085100000, 0x0000000085200000|  0%| F|  |TAMS 0x0000000085100000, 0x0000000085100000| Untracked 
|  56|0x0000000085200000, 0x0000000085200000, 0x0000000085300000|  0%| F|  |TAMS 0x0000000085200000, 0x0000000085200000| Untracked 
|  57|0x0000000085300000, 0x0000000085300000, 0x0000000085400000|  0%| F|  |TAMS 0x0000000085300000, 0x0000000085300000| Untracked 
|  58|0x0000000085400000, 0x0000000085400000, 0x0000000085500000|  0%| F|  |TAMS 0x0000000085400000, 0x0000000085400000| Untracked 
|  59|0x0000000085500000, 0x0000000085500000, 0x0000000085600000|  0%| F|  |TAMS 0x0000000085500000, 0x0000000085500000| Untracked 
|  60|0x0000000085600000, 0x0000000085600000, 0x0000000085700000|  0%| F|  |TAMS 0x0000000085600000, 0x0000000085600000| Untracked 
|  61|0x0000000085700000, 0x0000000085700000, 0x0000000085800000|  0%| F|  |TAMS 0x0000000085700000, 0x0000000085700000| Untracked 
|  62|0x0000000085800000, 0x0000000085800000, 0x0000000085900000|  0%| F|  |TAMS 0x0000000085800000, 0x0000000085800000| Untracked 
|  63|0x0000000085900000, 0x0000000085900000, 0x0000000085a00000|  0%| F|  |TAMS 0x0000000085900000, 0x0000000085900000| Untracked 
|  64|0x0000000085a00000, 0x0000000085a00000, 0x0000000085b00000|  0%| F|  |TAMS 0x0000000085a00000, 0x0000000085a00000| Untracked 
|  65|0x0000000085b00000, 0x0000000085b00000, 0x0000000085c00000|  0%| F|  |TAMS 0x0000000085b00000, 0x0000000085b00000| Untracked 
|  66|0x0000000085c00000, 0x0000000085c00000, 0x0000000085d00000|  0%| F|  |TAMS 0x0000000085c00000, 0x0000000085c00000| Untracked 
|  67|0x0000000085d00000, 0x0000000085d00000, 0x0000000085e00000|  0%| F|  |TAMS 0x0000000085d00000, 0x0000000085d00000| Untracked 
|  68|0x0000000085e00000, 0x0000000085e00000, 0x0000000085f00000|  0%| F|  |TAMS 0x0000000085e00000, 0x0000000085e00000| Untracked 
|  69|0x0000000085f00000, 0x0000000085f00000, 0x0000000086000000|  0%| F|  |TAMS 0x0000000085f00000, 0x0000000085f00000| Untracked 
|  70|0x0000000086000000, 0x0000000086000000, 0x0000000086100000|  0%| F|  |TAMS 0x0000000086000000, 0x0000000086000000| Untracked 
|  71|0x0000000086100000, 0x0000000086100000, 0x0000000086200000|  0%| F|  |TAMS 0x0000000086100000, 0x0000000086100000| Untracked 
|  72|0x0000000086200000, 0x0000000086200000, 0x0000000086300000|  0%| F|  |TAMS 0x0000000086200000, 0x0000000086200000| Untracked 
|  73|0x0000000086300000, 0x0000000086300000, 0x0000000086400000|  0%| F|  |TAMS 0x0000000086300000, 0x0000000086300000| Untracked 
|  74|0x0000000086400000, 0x0000000086400000, 0x0000000086500000|  0%| F|  |TAMS 0x0000000086400000, 0x0000000086400000| Untracked 
|  75|0x0000000086500000, 0x0000000086500000, 0x0000000086600000|  0%| F|  |TAMS 0x0000000086500000, 0x0000000086500000| Untracked 
|  76|0x0000000086600000, 0x0000000086600000, 0x0000000086700000|  0%| F|  |TAMS 0x0000000086600000, 0x0000000086600000| Untracked 
|  77|0x0000000086700000, 0x0000000086700000, 0x0000000086800000|  0%| F|  |TAMS 0x0000000086700000, 0x0000000086700000| Untracked 
|  78|0x0000000086800000, 0x0000000086800000, 0x0000000086900000|  0%| F|  |TAMS 0x0000000086800000, 0x0000000086800000| Untracked 
|  79|0x0000000086900000, 0x0000000086900000, 0x0000000086a00000|  0%| F|  |TAMS 0x0000000086900000, 0x0000000086900000| Untracked 
|  80|0x0000000086a00000, 0x0000000086a00000, 0x0000000086b00000|  0%| F|  |TAMS 0x0000000086a00000, 0x0000000086a00000| Untracked 
|  81|0x0000000086b00000, 0x0000000086b00000, 0x0000000086c00000|  0%| F|  |TAMS 0x0000000086b00000, 0x0000000086b00000| Untracked 
|  82|0x0000000086c00000, 0x0000000086c00000, 0x0000000086d00000|  0%| F|  |TAMS 0x0000000086c00000, 0x0000000086c00000| Untracked 
|  83|0x0000000086d00000, 0x0000000086d00000, 0x0000000086e00000|  0%| F|  |TAMS 0x0000000086d00000, 0x0000000086d00000| Untracked 
|  84|0x0000000086e00000, 0x0000000086e00000, 0x0000000086f00000|  0%| F|  |TAMS 0x0000000086e00000, 0x0000000086e00000| Untracked 
|  85|0x0000000086f00000, 0x0000000086f00000, 0x0000000087000000|  0%| F|  |TAMS 0x0000000086f00000, 0x0000000086f00000| Untracked 
|  86|0x0000000087000000, 0x0000000087000000, 0x0000000087100000|  0%| F|  |TAMS 0x0000000087000000, 0x0000000087000000| Untracked 
|  87|0x0000000087100000, 0x0000000087100000, 0x0000000087200000|  0%| F|  |TAMS 0x0000000087100000, 0x0000000087100000| Untracked 
|  88|0x0000000087200000, 0x0000000087200000, 0x0000000087300000|  0%| F|  |TAMS 0x0000000087200000, 0x0000000087200000| Untracked 
|  89|0x0000000087300000, 0x0000000087300000, 0x0000000087400000|  0%| F|  |TAMS 0x0000000087300000, 0x0000000087300000| Untracked 
|  90|0x0000000087400000, 0x0000000087400000, 0x0000000087500000|  0%| F|  |TAMS 0x0000000087400000, 0x0000000087400000| Untracked 
|  91|0x0000000087500000, 0x0000000087500000, 0x0000000087600000|  0%| F|  |TAMS 0x0000000087500000, 0x0000000087500000| Untracked 
|  92|0x0000000087600000, 0x0000000087600000, 0x0000000087700000|  0%| F|  |TAMS 0x0000000087600000, 0x0000000087600000| Untracked 
|  93|0x0000000087700000, 0x0000000087700000, 0x0000000087800000|  0%| F|  |TAMS 0x0000000087700000, 0x0000000087700000| Untracked 
|  94|0x0000000087800000, 0x0000000087800000, 0x0000000087900000|  0%| F|  |TAMS 0x0000000087800000, 0x0000000087800000| Untracked 
|  95|0x0000000087900000, 0x0000000087900000, 0x0000000087a00000|  0%| F|  |TAMS 0x0000000087900000, 0x0000000087900000| Untracked 
|  96|0x0000000087a00000, 0x0000000087a00000, 0x0000000087b00000|  0%| F|  |TAMS 0x0000000087a00000, 0x0000000087a00000| Untracked 
|  97|0x0000000087b00000, 0x0000000087b00000, 0x0000000087c00000|  0%| F|  |TAMS 0x0000000087b00000, 0x0000000087b00000| Untracked 
|  98|0x0000000087c00000, 0x0000000087c00000, 0x0000000087d00000|  0%| F|  |TAMS 0x0000000087c00000, 0x0000000087c00000| Untracked 
|  99|0x0000000087d00000, 0x0000000087d00000, 0x0000000087e00000|  0%| F|  |TAMS 0x0000000087d00000, 0x0000000087d00000| Untracked 
| 100|0x0000000087e00000, 0x0000000087e00000, 0x0000000087f00000|  0%| F|  |TAMS 0x0000000087e00000, 0x0000000087e00000| Untracked 
| 101|0x0000000087f00000, 0x0000000087f00000, 0x0000000088000000|  0%| F|  |TAMS 0x0000000087f00000, 0x0000000087f00000| Untracked 
| 102|0x0000000088000000, 0x0000000088000000, 0x0000000088100000|  0%| F|  |TAMS 0x0000000088000000, 0x0000000088000000| Untracked 
| 103|0x0000000088100000, 0x0000000088100000, 0x0000000088200000|  0%| F|  |TAMS 0x0000000088100000, 0x0000000088100000| Untracked 
| 104|0x0000000088200000, 0x0000000088200000, 0x0000000088300000|  0%| F|  |TAMS 0x0000000088200000, 0x0000000088200000| Untracked 
| 105|0x0000000088300000, 0x0000000088300000, 0x0000000088400000|  0%| F|  |TAMS 0x0000000088300000, 0x0000000088300000| Untracked 
| 106|0x0000000088400000, 0x0000000088400000, 0x0000000088500000|  0%| F|  |TAMS 0x0000000088400000, 0x0000000088400000| Untracked 
| 107|0x0000000088500000, 0x0000000088500000, 0x0000000088600000|  0%| F|  |TAMS 0x0000000088500000, 0x0000000088500000| Untracked 
| 108|0x0000000088600000, 0x0000000088600000, 0x0000000088700000|  0%| F|  |TAMS 0x0000000088600000, 0x0000000088600000| Untracked 
| 109|0x0000000088700000, 0x0000000088700000, 0x0000000088800000|  0%| F|  |TAMS 0x0000000088700000, 0x0000000088700000| Untracked 
| 110|0x0000000088800000, 0x0000000088800000, 0x0000000088900000|  0%| F|  |TAMS 0x0000000088800000, 0x0000000088800000| Untracked 
| 111|0x0000000088900000, 0x0000000088900000, 0x0000000088a00000|  0%| F|  |TAMS 0x0000000088900000, 0x0000000088900000| Untracked 
| 112|0x0000000088a00000, 0x0000000088a00000, 0x0000000088b00000|  0%| F|  |TAMS 0x0000000088a00000, 0x0000000088a00000| Untracked 
| 113|0x0000000088b00000, 0x0000000088b7d008, 0x0000000088c00000| 48%| E|  |TAMS 0x0000000088b00000, 0x0000000088b00000| Complete 
| 114|0x0000000088c00000, 0x0000000088d00000, 0x0000000088d00000|100%| E|CS|TAMS 0x0000000088c00000, 0x0000000088c00000| Complete 
| 115|0x0000000088d00000, 0x0000000088e00000, 0x0000000088e00000|100%| E|CS|TAMS 0x0000000088d00000, 0x0000000088d00000| Complete 
| 116|0x0000000088e00000, 0x0000000088f00000, 0x0000000088f00000|100%| S|CS|TAMS 0x0000000088e00000, 0x0000000088e00000| Complete 
| 117|0x0000000088f00000, 0x0000000089000000, 0x0000000089000000|100%| E|CS|TAMS 0x0000000088f00000, 0x0000000088f00000| Complete 
| 118|0x0000000089000000, 0x0000000089100000, 0x0000000089100000|100%| E|CS|TAMS 0x0000000089000000, 0x0000000089000000| Complete 
| 119|0x0000000089100000, 0x0000000089200000, 0x0000000089200000|100%| E|CS|TAMS 0x0000000089100000, 0x0000000089100000| Complete 
| 120|0x0000000089200000, 0x0000000089300000, 0x0000000089300000|100%| E|CS|TAMS 0x0000000089200000, 0x0000000089200000| Complete 
| 121|0x0000000089300000, 0x0000000089400000, 0x0000000089400000|100%| E|CS|TAMS 0x0000000089300000, 0x0000000089300000| Complete 
| 122|0x0000000089400000, 0x0000000089500000, 0x0000000089500000|100%| E|CS|TAMS 0x0000000089400000, 0x0000000089400000| Complete 
| 123|0x0000000089500000, 0x0000000089600000, 0x0000000089600000|100%| E|CS|TAMS 0x0000000089500000, 0x0000000089500000| Complete 
| 124|0x0000000089600000, 0x0000000089700000, 0x0000000089700000|100%| E|CS|TAMS 0x0000000089600000, 0x0000000089600000| Complete 
| 125|0x0000000089700000, 0x0000000089800000, 0x0000000089800000|100%| E|CS|TAMS 0x0000000089700000, 0x0000000089700000| Complete 
| 126|0x0000000089800000, 0x0000000089900000, 0x0000000089900000|100%| E|CS|TAMS 0x0000000089800000, 0x0000000089800000| Complete 
| 127|0x0000000089900000, 0x0000000089a00000, 0x0000000089a00000|100%| E|CS|TAMS 0x0000000089900000, 0x0000000089900000| Complete 

Card table byte_map: [0x00000161e2b40000,0x00000161e2f40000] _byte_map_base: 0x00000161e2733000

Marking Bits (Prev, Next): (CMBitMap*) 0x00000161cfd65f00, (CMBitMap*) 0x00000161cfd65f40
 Prev Bits: [0x00000161e3340000, 0x00000161e52d8000)
 Next Bits: [0x00000161e52e0000, 0x00000161e7278000)

Polling page: 0x00000161cdeb0000

Metaspace:

Usage:
  Non-class:     18.13 MB capacity,    18.03 MB (>99%) used,    82.13 KB ( <1%) free+waste,    25.12 KB ( <1%) overhead. 
      Class:      2.38 MB capacity,     2.30 MB ( 97%) used,    70.98 KB (  3%) free+waste,     9.75 KB ( <1%) overhead. 
       Both:     20.51 MB capacity,    20.33 MB (>99%) used,   153.12 KB ( <1%) free+waste,    34.88 KB ( <1%) overhead. 

Virtual space:
  Non-class space:       20.00 MB reserved,      18.25 MB ( 91%) committed 
      Class space:        1.00 GB reserved,       2.50 MB ( <1%) committed 
             Both:        1.02 GB reserved,      20.75 MB (  2%) committed 

Chunk freelists:
   Non-Class:  57.00 KB
       Class:  25.00 KB
        Both:  82.00 KB

MaxMetaspaceSize: 17179869184.00 GB
CompressedClassSpaceSize: 1.00 GB

CodeHeap 'non-profiled nmethods': size=238912Kb used=2507Kb max_used=2507Kb free=236404Kb
 bounds [0x00000161d3df0000, 0x00000161d4070000, 0x00000161e2740000]
CodeHeap 'non-nmethods': size=6848Kb used=1178Kb max_used=1178Kb free=5669Kb
 bounds [0x00000161d3740000, 0x00000161d39b0000, 0x00000161d3df0000]
 total_blobs=2223 nmethods=1785 adapters=365
 compilation: enabled
              stopped_count=0, restarted_count=0
 full_count=0

Compilation events (20 events):
Event: 1.325 Thread 0x00000161e9fead50 1778       1       jdk.internal.reflect.Reflection::isSubclassOf (21 bytes)
Event: 1.325 Thread 0x00000161e9fead50 nmethod 1778 0x00000161d405fb10 code [0x00000161d405fca0, 0x00000161d405fda8]
Event: 1.326 Thread 0x00000161e9fead50 1776       1       java.lang.reflect.Constructor::acquireConstructorAccessor (44 bytes)
Event: 1.326 Thread 0x00000161e9fead50 nmethod 1776 0x00000161d405fe90 code [0x00000161d4060040, 0x00000161d40602f8]
Event: 1.326 Thread 0x00000161e9fead50 1777       1       jdk.internal.reflect.ReflectionFactory::newConstructorAccessor (165 bytes)
Event: 1.327 Thread 0x00000161e9fead50 nmethod 1777 0x00000161d4060410 code [0x00000161d4060680, 0x00000161d4060ee8]
Event: 1.328 Thread 0x00000161e9fead50 1779       1       java.util.regex.Pattern::peek (26 bytes)
Event: 1.328 Thread 0x00000161e9fead50 nmethod 1779 0x00000161d4061310 code [0x00000161d40614a0, 0x00000161d40615c8]
Event: 1.329 Thread 0x00000161e9fead50 1780       1       java.util.regex.Pattern$$Lambda$93/0x000000010011eb88::is (9 bytes)
Event: 1.329 Thread 0x00000161e9fead50 nmethod 1780 0x00000161d4061690 code [0x00000161d4061820, 0x00000161d40618f8]
Event: 1.329 Thread 0x00000161e9fead50 1781       1       java.util.regex.Pattern::lambda$Single$8 (11 bytes)
Event: 1.329 Thread 0x00000161e9fead50 nmethod 1781 0x00000161d4061990 code [0x00000161d4061b20, 0x00000161d4061bd8]
Event: 1.329 Thread 0x00000161e9fead50 1782       1       java.lang.String::codePointAt (50 bytes)
Event: 1.329 Thread 0x00000161e9fead50 nmethod 1782 0x00000161d4061c90 code [0x00000161d4061e40, 0x00000161d4061fe8]
Event: 1.329 Thread 0x00000161e9fead50 1783       1       java.lang.Character::codePointAt (51 bytes)
Event: 1.329 Thread 0x00000161e9fead50 nmethod 1783 0x00000161d4062110 code [0x00000161d40622c0, 0x00000161d4062488]
Event: 1.330 Thread 0x00000161e9fead50 1784       1       org.springframework.util.AntPathMatcher::isWildcardChar (38 bytes)
Event: 1.330 Thread 0x00000161e9fead50 nmethod 1784 0x00000161d4062590 code [0x00000161d4062720, 0x00000161d4062858]
Event: 1.330 Thread 0x00000161e9fead50 1785       1       sun.nio.fs.WindowsPathParser::nextNonSlash (24 bytes)
Event: 1.330 Thread 0x00000161e9fead50 nmethod 1785 0x00000161d4062990 code [0x00000161d4062b40, 0x00000161d4062d98]

GC Heap History (4 events):
Event: 0.750 GC heap before
{Heap before GC invocations=0 (full 0):
 garbage-first heap   total 131072K, used 12288K [0x0000000081a00000, 0x0000000100000000)
  region size 1024K, 13 young (13312K), 0 survivors (0K)
 Metaspace       used 14460K, capacity 14618K, committed 14976K, reserved 1062912K
  class space    used 1464K, capacity 1548K, committed 1664K, reserved 1048576K
}
Event: 0.755 GC heap after
{Heap after GC invocations=1 (full 0):
 garbage-first heap   total 131072K, used 3804K [0x0000000081a00000, 0x0000000100000000)
  region size 1024K, 2 young (2048K), 2 survivors (2048K)
 Metaspace       used 14460K, capacity 14618K, committed 14976K, reserved 1062912K
  class space    used 1464K, capacity 1548K, committed 1664K, reserved 1048576K
}
Event: 1.020 GC heap before
{Heap before GC invocations=1 (full 0):
 garbage-first heap   total 131072K, used 15068K [0x0000000081a00000, 0x0000000100000000)
  region size 1024K, 13 young (13312K), 2 survivors (2048K)
 Metaspace       used 17676K, capacity 17895K, committed 18176K, reserved 1064960K
  class space    used 1900K, capacity 1979K, committed 2048K, reserved 1048576K
}
Event: 1.024 GC heap after
{Heap after GC invocations=2 (full 0):
 garbage-first heap   total 131072K, used 4951K [0x0000000081a00000, 0x0000000100000000)
  region size 1024K, 1 young (1024K), 1 survivors (1024K)
 Metaspace       used 17676K, capacity 17895K, committed 18176K, reserved 1064960K
  class space    used 1900K, capacity 1979K, committed 2048K, reserved 1048576K
}

Deoptimization events (0 events):
No events

Classes unloaded (0 events):
No events

Classes redefined (0 events):
No events

Internal exceptions (20 events):
Event: 1.102 Thread 0x00000161cfd24be0 Exception <a 'java/lang/NoSuchMethodError'{0x00000000896b8d90}: 'void java.lang.invoke.DirectMethodHandle$Holder.invokeSpecial(java.lang.Object, java.lang.Object, java.lang.Object, java.lang.Object, java.lang.Object)'> (0x00000000896b8d90) 
thrown [./open/src/hotspot/share/interpreter/linkResolver.cpp, line 782]
Event: 1.106 Thread 0x00000161eaafff00 Exception <a 'java/lang/NoClassDefFoundError'{0x0000000089511758}: javax/validation/Validation> (0x0000000089511758) 
thrown [./open/src/hotspot/share/classfile/systemDictionary.cpp, line 284]
Event: 1.106 Thread 0x00000161eaafff00 Exception <a 'java/lang/NoClassDefFoundError'{0x00000000895154e8}: org/springframework/http/converter/support/AllEncompassingFormHttpMessageConverter> (0x00000000895154e8) 
thrown [./open/src/hotspot/share/classfile/systemDictionary.cpp, line 284]
Event: 1.107 Thread 0x00000161eaafff00 Exception <a 'java/lang/NoClassDefFoundError'{0x0000000089519210}: org/springframework/http/converter/json/Jackson2ObjectMapperBuilder> (0x0000000089519210) 
thrown [./open/src/hotspot/share/classfile/systemDictionary.cpp, line 284]
Event: 1.190 Thread 0x00000161cfd24be0 Exception <a 'java/lang/NoSuchMethodError'{0x00000000892dcea8}: 'org.slf4j.impl.StaticMDCBinder org.slf4j.impl.StaticMDCBinder.getSingleton()'> (0x00000000892dcea8) 
thrown [./open/src/hotspot/share/interpreter/linkResolver.cpp, line 782]
Event: 1.289 Thread 0x00000161cfd24be0 Exception <a 'java/lang/ClassNotFoundException'{0x0000000088dc14c0}: java/lang/ObjectCustomizer> (0x0000000088dc14c0) 
thrown [./open/src/hotspot/share/classfile/systemDictionary.cpp, line 295]
Event: 1.291 Thread 0x00000161cfd24be0 Exception <a 'java/lang/IncompatibleClassChangeError'{0x0000000088dc61c0}: Found class java.lang.Object, but interface was expected> (0x0000000088dc61c0) 
thrown [./open/src/hotspot/share/interpreter/linkResolver.cpp, line 848]
Event: 1.295 Thread 0x00000161cfd24be0 Exception <a 'java/lang/ClassNotFoundException'{0x0000000088de5a18}: org/springframework/context/annotation/ConfigurationClassPostProcessorCustomizer> (0x0000000088de5a18) 
thrown [./open/src/hotspot/share/classfile/systemDictionary.cpp, line 295]
Event: 1.298 Thread 0x00000161cfd24be0 Exception <a 'java/lang/ClassNotFoundException'{0x0000000088c02d58}: org/springframework/beans/factory/support/BeanDefinitionRegistryPostProcessorCustomizer> (0x0000000088c02d58) 
thrown [./open/src/hotspot/share/classfile/systemDictionary.cpp, line 295]
Event: 1.298 Thread 0x00000161cfd24be0 Exception <a 'java/lang/ClassNotFoundException'{0x0000000088c06c00}: org/springframework/beans/factory/config/BeanFactoryPostProcessorCustomizer> (0x0000000088c06c00) 
thrown [./open/src/hotspot/share/classfile/systemDictionary.cpp, line 295]
Event: 1.299 Thread 0x00000161cfd24be0 Exception <a 'java/lang/ClassNotFoundException'{0x0000000088c0ab38}: org/springframework/core/PriorityOrderedCustomizer> (0x0000000088c0ab38) 
thrown [./open/src/hotspot/share/classfile/systemDictionary.cpp, line 295]
Event: 1.299 Thread 0x00000161cfd24be0 Exception <a 'java/lang/ClassNotFoundException'{0x0000000088c0d768}: org/springframework/core/OrderedCustomizer> (0x0000000088c0d768) 
thrown [./open/src/hotspot/share/classfile/systemDictionary.cpp, line 295]
Event: 1.300 Thread 0x00000161cfd24be0 Exception <a 'java/lang/ClassNotFoundException'{0x0000000088c11420}: org/springframework/context/ResourceLoaderAwareCustomizer> (0x0000000088c11420) 
thrown [./open/src/hotspot/share/classfile/systemDictionary.cpp, line 295]
Event: 1.300 Thread 0x00000161cfd24be0 Exception <a 'java/lang/ClassNotFoundException'{0x0000000088c152a0}: org/springframework/beans/factory/AwareCustomizer> (0x0000000088c152a0) 
thrown [./open/src/hotspot/share/classfile/systemDictionary.cpp, line 295]
Event: 1.300 Thread 0x00000161cfd24be0 Exception <a 'java/lang/ClassNotFoundException'{0x0000000088c18078}: org/springframework/context/ApplicationStartupAwareCustomizer> (0x0000000088c18078) 
thrown [./open/src/hotspot/share/classfile/systemDictionary.cpp, line 295]
Event: 1.301 Thread 0x00000161cfd24be0 Exception <a 'java/lang/ClassNotFoundException'{0x0000000088c1c170}: org/springframework/beans/factory/AwareCustomizer> (0x0000000088c1c170) 
thrown [./open/src/hotspot/share/classfile/systemDictionary.cpp, line 295]
Event: 1.301 Thread 0x00000161cfd24be0 Exception <a 'java/lang/ClassNotFoundException'{0x0000000088c1eeb0}: org/springframework/beans/factory/BeanClassLoaderAwareCustomizer> (0x0000000088c1eeb0) 
thrown [./open/src/hotspot/share/classfile/systemDictionary.cpp, line 295]
Event: 1.301 Thread 0x00000161cfd24be0 Exception <a 'java/lang/ClassNotFoundException'{0x0000000088c22d48}: org/springframework/beans/factory/AwareCustomizer> (0x0000000088c22d48) 
thrown [./open/src/hotspot/share/classfile/systemDictionary.cpp, line 295]
Event: 1.301 Thread 0x00000161cfd24be0 Exception <a 'java/lang/ClassNotFoundException'{0x0000000088c25988}: org/springframework/context/EnvironmentAwareCustomizer> (0x0000000088c25988) 
thrown [./open/src/hotspot/share/classfile/systemDictionary.cpp, line 295]
Event: 1.302 Thread 0x00000161cfd24be0 Exception <a 'java/lang/ClassNotFoundException'{0x0000000088c29798}: org/springframework/beans/factory/AwareCustomizer> (0x0000000088c29798) 
thrown [./open/src/hotspot/share/classfile/systemDictionary.cpp, line 295]

Events (20 events):
Event: 1.295 loading class java/util/Hashtable$EntrySet
Event: 1.295 loading class java/util/Hashtable$EntrySet done
Event: 1.297 loading class java/util/AbstractList$ListItr
Event: 1.297 loading class java/util/AbstractList$ListItr done
Event: 1.305 loading class java/util/concurrent/ConcurrentLinkedDeque$Itr
Event: 1.305 loading class java/util/concurrent/ConcurrentLinkedDeque$AbstractItr
Event: 1.305 loading class java/util/concurrent/ConcurrentLinkedDeque$AbstractItr done
Event: 1.305 loading class java/util/concurrent/ConcurrentLinkedDeque$Itr done
Event: 1.319 loading class java/net/SocketException
Event: 1.319 loading class java/net/SocketException done
Event: 1.320 Executing VM operation: HandshakeAllThreads
Event: 1.321 Executing VM operation: HandshakeAllThreads done
Event: 1.328 loading class java/util/regex/Pattern$LazyLoop
Event: 1.328 loading class java/util/regex/Pattern$Loop
Event: 1.328 loading class java/util/regex/Pattern$Loop done
Event: 1.328 loading class java/util/regex/Pattern$LazyLoop done
Event: 1.328 loading class java/util/regex/Pattern$Prolog
Event: 1.328 loading class java/util/regex/Pattern$Prolog done
Event: 1.334 loading class java/lang/AssertionError
Event: 1.334 loading class java/lang/AssertionError done


Dynamic libraries:
0x00007ff742130000 - 0x00007ff74213d000 	G:\Softwares\Eclipse\eclipse-jee-2021-03-R-win32-x86_64\eclipse\plugins\org.eclipse.justj.openjdk.hotspot.jre.full.win32.x86_64_15.0.2.v20210201-0955\jre\bin\javaw.exe
0x00007fff37810000 - 0x00007fff37a05000 	C:\WINDOWS\SYSTEM32\ntdll.dll
0x00007fff37670000 - 0x00007fff3772e000 	C:\WINDOWS\System32\KERNEL32.DLL
0x00007fff35370000 - 0x00007fff35638000 	C:\WINDOWS\System32\KERNELBASE.dll
0x00007fff35760000 - 0x00007fff35860000 	C:\WINDOWS\System32\ucrtbase.dll
0x00007fff30380000 - 0x00007fff30398000 	G:\Softwares\Eclipse\eclipse-jee-2021-03-R-win32-x86_64\eclipse\plugins\org.eclipse.justj.openjdk.hotspot.jre.full.win32.x86_64_15.0.2.v20210201-0955\jre\bin\jli.dll
0x00007fff35910000 - 0x00007fff35ab1000 	C:\WINDOWS\System32\USER32.dll
0x00007fff35290000 - 0x00007fff352b2000 	C:\WINDOWS\System32\win32u.dll
0x00007fff362d0000 - 0x00007fff362fb000 	C:\WINDOWS\System32\GDI32.dll
0x00007fff34f30000 - 0x00007fff3503b000 	C:\WINDOWS\System32\gdi32full.dll
0x00007fff356c0000 - 0x00007fff3575d000 	C:\WINDOWS\System32\msvcp_win.dll
0x00007fff2c7a0000 - 0x00007fff2c7b9000 	G:\Softwares\Eclipse\eclipse-jee-2021-03-R-win32-x86_64\eclipse\plugins\org.eclipse.justj.openjdk.hotspot.jre.full.win32.x86_64_15.0.2.v20210201-0955\jre\bin\VCRUNTIME140.dll
0x00007fff22b30000 - 0x00007fff22dca000 	C:\WINDOWS\WinSxS\amd64_microsoft.windows.common-controls_6595b64144ccf1df_6.0.19041.1110_none_60b5254171f9507e\COMCTL32.dll
0x00007fff35870000 - 0x00007fff3590e000 	C:\WINDOWS\System32\msvcrt.dll
0x00007fff36e80000 - 0x00007fff36eb0000 	C:\WINDOWS\System32\IMM32.DLL
0x00007fff2c790000 - 0x00007fff2c79c000 	G:\Softwares\Eclipse\eclipse-jee-2021-03-R-win32-x86_64\eclipse\plugins\org.eclipse.justj.openjdk.hotspot.jre.full.win32.x86_64_15.0.2.v20210201-0955\jre\bin\vcruntime140_1.dll
0x00007fff1e320000 - 0x00007fff1e3b1000 	G:\Softwares\Eclipse\eclipse-jee-2021-03-R-win32-x86_64\eclipse\plugins\org.eclipse.justj.openjdk.hotspot.jre.full.win32.x86_64_15.0.2.v20210201-0955\jre\bin\msvcp140.dll
0x00007fff11e10000 - 0x00007fff1296e000 	G:\Softwares\Eclipse\eclipse-jee-2021-03-R-win32-x86_64\eclipse\plugins\org.eclipse.justj.openjdk.hotspot.jre.full.win32.x86_64_15.0.2.v20210201-0955\jre\bin\server\jvm.dll
0x00007fff373b0000 - 0x00007fff3745c000 	C:\WINDOWS\System32\ADVAPI32.dll
0x00007fff37730000 - 0x00007fff377cb000 	C:\WINDOWS\System32\sechost.dll
0x00007fff37540000 - 0x00007fff3766a000 	C:\WINDOWS\System32\RPCRT4.dll
0x00007fff36bb0000 - 0x00007fff36bb8000 	C:\WINDOWS\System32\PSAPI.DLL
0x00007fff25f50000 - 0x00007fff25f59000 	C:\WINDOWS\SYSTEM32\WSOCK32.dll
0x00007fff36400000 - 0x00007fff3646b000 	C:\WINDOWS\System32\WS2_32.dll
0x00007fff260d0000 - 0x00007fff260f7000 	C:\WINDOWS\SYSTEM32\WINMM.dll
0x00007fff259f0000 - 0x00007fff259fa000 	C:\WINDOWS\SYSTEM32\VERSION.dll
0x00007fff32e50000 - 0x00007fff32e62000 	C:\WINDOWS\SYSTEM32\kernel.appcore.dll
0x00007fff311c0000 - 0x00007fff311ca000 	G:\Softwares\Eclipse\eclipse-jee-2021-03-R-win32-x86_64\eclipse\plugins\org.eclipse.justj.openjdk.hotspot.jre.full.win32.x86_64_15.0.2.v20210201-0955\jre\bin\jimage.dll
0x00007fff26140000 - 0x00007fff26324000 	C:\WINDOWS\SYSTEM32\DBGHELP.DLL
0x00007fff25a90000 - 0x00007fff25abc000 	C:\WINDOWS\SYSTEM32\dbgcore.DLL
0x00007fff350a0000 - 0x00007fff35123000 	C:\WINDOWS\System32\bcryptPrimitives.dll
0x00007fff21a80000 - 0x00007fff21aa5000 	G:\Softwares\Eclipse\eclipse-jee-2021-03-R-win32-x86_64\eclipse\plugins\org.eclipse.justj.openjdk.hotspot.jre.full.win32.x86_64_15.0.2.v20210201-0955\jre\bin\java.dll
0x00007fff30360000 - 0x00007fff30378000 	G:\Softwares\Eclipse\eclipse-jee-2021-03-R-win32-x86_64\eclipse\plugins\org.eclipse.justj.openjdk.hotspot.jre.full.win32.x86_64_15.0.2.v20210201-0955\jre\bin\zip.dll
0x00007fff36470000 - 0x00007fff36baf000 	C:\WINDOWS\System32\SHELL32.dll
0x00007fff33050000 - 0x00007fff337e0000 	C:\WINDOWS\SYSTEM32\windows.storage.dll
0x00007fff37050000 - 0x00007fff373a5000 	C:\WINDOWS\System32\combase.dll
0x00007fff348b0000 - 0x00007fff348de000 	C:\WINDOWS\SYSTEM32\Wldp.dll
0x00007fff35f40000 - 0x00007fff35fed000 	C:\WINDOWS\System32\SHCORE.dll
0x00007fff36270000 - 0x00007fff362c5000 	C:\WINDOWS\System32\shlwapi.dll
0x00007fff34e70000 - 0x00007fff34e8f000 	C:\WINDOWS\SYSTEM32\profapi.dll
0x00007fff2b1c0000 - 0x00007fff2b1d9000 	G:\Softwares\Eclipse\eclipse-jee-2021-03-R-win32-x86_64\eclipse\plugins\org.eclipse.justj.openjdk.hotspot.jre.full.win32.x86_64_15.0.2.v20210201-0955\jre\bin\net.dll
0x00007fff2d690000 - 0x00007fff2d79c000 	C:\WINDOWS\SYSTEM32\WINHTTP.dll
0x00007fff34610000 - 0x00007fff3467a000 	C:\WINDOWS\system32\mswsock.dll
0x00007fff21a60000 - 0x00007fff21a72000 	G:\Softwares\Eclipse\eclipse-jee-2021-03-R-win32-x86_64\eclipse\plugins\org.eclipse.justj.openjdk.hotspot.jre.full.win32.x86_64_15.0.2.v20210201-0955\jre\bin\nio.dll
0x00007fff2b0b0000 - 0x00007fff2b0b9000 	G:\Softwares\Eclipse\eclipse-jee-2021-03-R-win32-x86_64\eclipse\plugins\org.eclipse.justj.openjdk.hotspot.jre.full.win32.x86_64_15.0.2.v20210201-0955\jre\bin\management.dll
0x00007fff2ae80000 - 0x00007fff2ae8b000 	G:\Softwares\Eclipse\eclipse-jee-2021-03-R-win32-x86_64\eclipse\plugins\org.eclipse.justj.openjdk.hotspot.jre.full.win32.x86_64_15.0.2.v20210201-0955\jre\bin\management_ext.dll
0x00007fff25830000 - 0x00007fff25847000 	C:\WINDOWS\system32\napinsp.dll
0x00007fff25810000 - 0x00007fff2582b000 	C:\WINDOWS\system32\pnrpnsp.dll
0x00007fff25180000 - 0x00007fff25195000 	C:\WINDOWS\system32\wshbth.dll
0x00007fff30af0000 - 0x00007fff30b0d000 	C:\WINDOWS\system32\NLAapi.dll
0x00007fff34300000 - 0x00007fff3433b000 	C:\WINDOWS\SYSTEM32\IPHLPAPI.DLL
0x00007fff34390000 - 0x00007fff3445b000 	C:\WINDOWS\SYSTEM32\DNSAPI.dll
0x00007fff35860000 - 0x00007fff35868000 	C:\WINDOWS\System32\NSI.dll
0x00007fff24e00000 - 0x00007fff24e12000 	C:\WINDOWS\System32\winrnr.dll
0x00007fff2d1a0000 - 0x00007fff2d1aa000 	C:\Windows\System32\rasadhlp.dll
0x00007fff2d2a0000 - 0x00007fff2d31f000 	C:\WINDOWS\System32\fwpuclnt.dll
0x00007fff35640000 - 0x00007fff35667000 	C:\WINDOWS\System32\bcrypt.dll
0x00007fff34800000 - 0x00007fff34818000 	C:\WINDOWS\SYSTEM32\CRYPTSP.dll
0x00007fff33f90000 - 0x00007fff33fc4000 	C:\WINDOWS\system32\rsaenh.dll
0x00007fff34de0000 - 0x00007fff34e0e000 	C:\WINDOWS\SYSTEM32\USERENV.dll
0x00007fff34820000 - 0x00007fff3482c000 	C:\WINDOWS\SYSTEM32\CRYPTBASE.dll
0x00007fff2f950000 - 0x00007fff2f967000 	C:\WINDOWS\SYSTEM32\dhcpcsvc6.DLL
0x00007fff2f8c0000 - 0x00007fff2f8dd000 	C:\WINDOWS\SYSTEM32\dhcpcsvc.DLL
0x00007fff2bca0000 - 0x00007fff2bcb0000 	G:\Softwares\Eclipse\eclipse-jee-2021-03-R-win32-x86_64\eclipse\plugins\org.eclipse.justj.openjdk.hotspot.jre.full.win32.x86_64_15.0.2.v20210201-0955\jre\bin\verify.dll

dbghelp: loaded successfully - version: 4.0.5 - missing functions: none
symbol engine: initialized successfully - sym options: 0x614 - pdb path: .;G:\Softwares\Eclipse\eclipse-jee-2021-03-R-win32-x86_64\eclipse\plugins\org.eclipse.justj.openjdk.hotspot.jre.full.win32.x86_64_15.0.2.v20210201-0955\jre\bin;C:\WINDOWS\SYSTEM32;C:\WINDOWS\WinSxS\amd64_microsoft.windows.common-controls_6595b64144ccf1df_6.0.19041.1110_none_60b5254171f9507e;G:\Softwares\Eclipse\eclipse-jee-2021-03-R-win32-x86_64\eclipse\plugins\org.eclipse.justj.openjdk.hotspot.jre.full.win32.x86_64_15.0.2.v20210201-0955\jre\bin\server

VM Arguments:
jvm_args: -Dcom.sun.management.jmxremote -Dcom.sun.management.jmxremote.port=50817 -Dcom.sun.management.jmxremote.authenticate=false -Dcom.sun.management.jmxremote.ssl=false -Djava.rmi.server.hostname=localhost -Dspring.jmx.enabled=true -Dspring.liveBeansView.mbeanDomain -Dspring.application.admin.enabled=true -XX:TieredStopAtLevel=1 -Dspring.boot.project.name=SpringBootScheduling02-CRON Expresssions -Dfile.encoding=UTF-8 -XX:+ShowCodeDetailsInExceptionMessages 
java_command: com.nt.SpringBootScheduling01Application
java_class_path (initial): C:\Users\Nareshit\git\NTSPBMS714-Boot\SpringBootScheduling02-CRON Expresssions\target\classes;C:\Users\Nareshit\.m2\repository\org\springframework\boot\spring-boot-starter\2.5.6\spring-boot-starter-2.5.6.jar;C:\Users\Nareshit\.m2\repository\org\springframework\boot\spring-boot\2.5.6\spring-boot-2.5.6.jar;C:\Users\Nareshit\.m2\repository\org\springframework\spring-context\5.3.12\spring-context-5.3.12.jar;C:\Users\Nareshit\.m2\repository\org\springframework\spring-aop\5.3.12\spring-aop-5.3.12.jar;C:\Users\Nareshit\.m2\repository\org\springframework\spring-beans\5.3.12\spring-beans-5.3.12.jar;C:\Users\Nareshit\.m2\repository\org\springframework\spring-expression\5.3.12\spring-expression-5.3.12.jar;C:\Users\Nareshit\.m2\repository\org\springframework\boot\spring-boot-autoconfigure\2.5.6\spring-boot-autoconfigure-2.5.6.jar;C:\Users\Nareshit\.m2\repository\org\springframework\boot\spring-boot-starter-logging\2.5.6\spring-boot-starter-logging-2.5.6.jar;C:\Users\Nareshit\.m2\repository\ch\qos\logback\logback-classic\1.2.6\logback-classic-1.2.6.jar;C:\Users\Nareshit\.m2\repository\ch\qos\logback\logback-core\1.2.6\logback-core-1.2.6.jar;C:\Users\Nareshit\.m2\repository\org\apache\logging\log4j\log4j-to-slf4j\2.14.1\log4j-to-slf4j-2.14.1.jar;C:\Users\Nareshit\.m2\repository\org\apache\logging\log4j\log4j-api\2.14.1\log4j-api-2.14.1.jar;C:\Users\Nareshit\.m2\repository\org\slf4j\jul-to-slf4j\1.7.32\jul-to-slf4j-1.7.32.jar;C:\Users\Nareshit\.m2\repository\jakarta\annotation\jakarta.annotation-api\1.3.5\jakarta.annotation-api-1.3.5.jar;C:\Users\Nareshit\.m2\repository\org\springframework\spring-core\5.3.12\spring-core-5.3.12.jar;C:\Users\Nareshit\.m2\repository\org\springframework\spring-jcl\5.3.12\spring-jcl-5.3.12.jar;C:\Users\Nareshit\.m2\repository\org\yaml\snakeyaml\1.28\snakeyaml-1.28.jar;C:\Users\Nareshit\.m2\repository\org\slf4j\slf4j-api\1.7.32\slf4j-api-1.7.32.jar
Launcher Type: SUN_STANDARD

[Global flags]
     intx CICompilerCount                          = 3                                         {product} {ergonomic}
     uint ConcGCThreads                            = 1                                         {product} {ergonomic}
     uint G1ConcRefinementThreads                  = 4                                         {product} {ergonomic}
   size_t G1HeapRegionSize                         = 1048576                                   {product} {ergonomic}
    uintx GCDrainStackTargetSize                   = 64                                        {product} {ergonomic}
   size_t InitialHeapSize                          = 134217728                                 {product} {ergonomic}
     bool ManagementServer                         = true                                      {product} {command line}
   size_t MarkStackSize                            = 4194304                                   {product} {ergonomic}
   size_t MaxHeapSize                              = 2120220672                                {product} {ergonomic}
   size_t MaxNewSize                               = 1271922688                                {product} {ergonomic}
   size_t MinHeapDeltaBytes                        = 1048576                                   {product} {ergonomic}
   size_t MinHeapSize                              = 8388608                                   {product} {ergonomic}
    uintx NonNMethodCodeHeapSize                   = 6973028                                {pd product} {ergonomic}
    uintx NonProfiledCodeHeapSize                  = 244685212                              {pd product} {ergonomic}
    uintx ProfiledCodeHeapSize                     = 0                                      {pd product} {ergonomic}
    uintx ReservedCodeCacheSize                    = 251658240                              {pd product} {ergonomic}
     bool SegmentedCodeCache                       = true                                      {product} {ergonomic}
     bool ShowCodeDetailsInExceptionMessages       = true                                   {manageable} {command line}
   size_t SoftMaxHeapSize                          = 2120220672                             {manageable} {ergonomic}
     intx TieredStopAtLevel                        = 1                                         {product} {command line}
     bool UseCompressedClassPointers               = true                                 {lp64_product} {ergonomic}
     bool UseCompressedOops                        = true                                 {lp64_product} {ergonomic}
     bool UseG1GC                                  = true                                      {product} {ergonomic}
     bool UseLargePagesIndividualAllocation        = false                                  {pd product} {ergonomic}

Logging:
Log output configuration:
 #0: stdout all=warning uptime,level,tags
 #1: stderr all=off uptime,level,tags

Environment Variables:
JAVA_HOME=C:\Program Files\Java\jdk1.8.0_31
CLASSPATH=E:\Tomcat10.x\lib\servlet-api.jar;.
PATH=G:/Softwares/Eclipse/eclipse-jee-2021-03-R-win32-x86_64/eclipse//plugins/org.eclipse.justj.openjdk.hotspot.jre.full.win32.x86_64_15.0.2.v20210201-0955/jre/bin/server;G:/Softwares/Eclipse/eclipse-jee-2021-03-R-win32-x86_64/eclipse//plugins/org.eclipse.justj.openjdk.hotspot.jre.full.win32.x86_64_15.0.2.v20210201-0955/jre/bin;C:\Program Files\Java\jdk1.8.0_31\bin;C:\Program Files\MongoDB\Server\4.4\bin;.;;G:\Softwares\Eclipse\eclipse-jee-2021-03-R-win32-x86_64\eclipse;
USERNAME=Nareshit
OS=Windows_NT
PROCESSOR_IDENTIFIER=Intel64 Family 6 Model 42 Stepping 7, GenuineIntel



---------------  S Y S T E M  ---------------

OS:
 Windows 10 , 64 bit Build 19041 (10.0.19041.1348)
OS uptime: 2 days 18:14 hours

CPU: total 4 (initial active 4) (4 cores per cpu, 1 threads per core) family 6 model 42 stepping 7 microcode 0x2f, cmov, cx8, fxsr, mmx, sse, sse2, sse3, ssse3, sse4.1, sse4.2, popcnt, vzeroupper, avx, aes, clmul, tsc, tscinvbit, clflush

Memory: 4k page, system-wide physical 8080M (3549M free)
TotalPageFile size 9616M (AvailPageFile size 2837M)
current process WorkingSet (physical memory assigned to process): 80M, peak: 80M
current process commit charge ("private bytes"): 219M, peak: 219M

vm_info: OpenJDK 64-Bit Server VM (15.0.2+7-27) for windows-amd64 JRE (15.0.2+7-27), built on Dec  7 2020 20:02:38 by "mach5one" with unknown MS VC++:1925

END.
